[0m14:22:46.532128 [debug] [MainThread]: Sending event: {'category': 'dbt', 'action': 'invocation', 'label': 'start', 'context': [<snowplow_tracker.self_describing_json.SelfDescribingJson object at 0x1050ac250>, <snowplow_tracker.self_describing_json.SelfDescribingJson object at 0x1050a6590>, <snowplow_tracker.self_describing_json.SelfDescribingJson object at 0x105124450>]}


============================== 14:22:46.534846 | 081cb57b-0add-49b3-9f49-fb3a8a98c94e ==============================
[0m14:22:46.534846 [info ] [MainThread]: Running with dbt=1.10.17
[0m14:22:46.535179 [debug] [MainThread]: running dbt with arguments {'cache_selected_only': 'False', 'debug': 'False', 'send_anonymous_usage_stats': 'True', 'warn_error_options': 'WarnErrorOptionsV2(error=[], warn=[], silence=[])', 'log_cache_events': 'False', 'use_colors': 'True', 'target_path': 'None', 'quiet': 'False', 'printer_width': '80', 'log_format': 'default', 'introspect': 'True', 'indirect_selection': 'eager', 'log_path': 'logs', 'profiles_dir': '/Users/mudkip/.dbt', 'static_parser': 'True', 'fail_fast': 'False', 'partial_parse': 'True', 'warn_error': 'None', 'empty': 'None', 'write_json': 'True', 'invocation_command': 'dbt init', 'no_print': 'None', 'use_experimental_parser': 'False', 'version_check': 'True'}
[0m14:23:01.835886 [debug] [MainThread]: Starter project path: /opt/anaconda3/envs/m2/lib/python3.11/site-packages/dbt/include/starter_project
[0m14:23:01.842057 [info ] [MainThread]: 
Your new dbt project "olist_transform" was created!

For more information on how to configure the profiles.yml file,
please consult the dbt documentation here:

  https://docs.getdbt.com/docs/configure-your-profile

One more thing:

Need help? Don't hesitate to reach out to us via GitHub issues or on Slack:

  https://community.getdbt.com/

Happy modeling!

[0m14:23:01.842568 [info ] [MainThread]: Setting up your profile.
[0m14:28:04.448824 [info ] [MainThread]: Profile olist_transform written to /Users/mudkip/.dbt/profiles.yml using target's profile_template.yml and your supplied values. Run 'dbt debug' to validate the connection.
[0m14:28:04.450463 [debug] [MainThread]: Resource report: {"command_name": "init", "command_success": true, "command_wall_clock_time": 317.9705, "process_in_blocks": "0", "process_kernel_time": 2.149906, "process_mem_max_rss": "403701760", "process_out_blocks": "0", "process_user_time": 2.429437}
[0m14:28:04.451878 [debug] [MainThread]: Command `dbt init` succeeded at 14:28:04.451764 after 317.97 seconds
[0m14:28:04.452713 [debug] [MainThread]: Sending event: {'category': 'dbt', 'action': 'invocation', 'label': 'end', 'context': [<snowplow_tracker.self_describing_json.SelfDescribingJson object at 0x10511b1d0>, <snowplow_tracker.self_describing_json.SelfDescribingJson object at 0x1050ac450>, <snowplow_tracker.self_describing_json.SelfDescribingJson object at 0x100ad52d0>]}
[0m14:28:04.453813 [debug] [MainThread]: Flushing usage events
[0m14:28:05.928195 [debug] [MainThread]: An error was encountered while trying to flush usage events
